<?xml version="1.0" encoding="UTF-8"?>
<!-- Generated by org.testng.reporters.JUnitReportReporter -->
<testsuite hostname="Sujit" failures="3" tests="5" name="parallel.ParallelRun" time="48.236" errors="0" timestamp="30 Mar 2023 12:59:00 GMT" skipped="0">
  <testcase classname="parallel.ParallelRun" name="runScenario" time="9.784">
    <failure message="expected [true] but found [false]" type="java.lang.AssertionError">
      <![CDATA[java.lang.AssertionError: expected [true] but found [false]
at org.testng.Assert.fail(Assert.java:96)
at org.testng.Assert.failNotEquals(Assert.java:776)
at org.testng.Assert.assertTrue(Assert.java:44)
at org.testng.Assert.assertTrue(Assert.java:54)
at parallel.LoginPageSteps.i_should_see_an_error_message_indicating(LoginPageSteps.java:46)
at ✽.I should see an error message indicating "Warning: No match for E-Mail Address and/or Password."(file:///C:/Sujit/Automation/workspace/CucumberHybridFramework/src/test/resources/parallel/LoginPage.feature:20)
]]>
    </failure>
  </testcase> <!-- runScenario -->
  <testcase classname="parallel.ParallelRun" name="runScenario" time="9.706"/>
  <testcase classname="parallel.ParallelRun" name="runScenario" time="9.785">
    <failure message="expected [true] but found [false]" type="java.lang.AssertionError">
      <![CDATA[java.lang.AssertionError: expected [true] but found [false]
at org.testng.Assert.fail(Assert.java:96)
at org.testng.Assert.failNotEquals(Assert.java:776)
at org.testng.Assert.assertTrue(Assert.java:44)
at org.testng.Assert.assertTrue(Assert.java:54)
at parallel.LoginPageSteps.i_should_see_an_error_message_indicating(LoginPageSteps.java:46)
at ✽.I should see an error message indicating "Warning: No match for E-Mail Address and/or Password."(file:///C:/Sujit/Automation/workspace/CucumberHybridFramework/src/test/resources/parallel/LoginPage.feature:20)
]]>
    </failure>
  </testcase> <!-- runScenario -->
  <testcase classname="parallel.ParallelRun" name="runScenario" time="9.237"/>
  <testcase classname="parallel.ParallelRun" name="runScenario" time="9.724">
    <failure message="expected [true] but found [false]" type="java.lang.AssertionError">
      <![CDATA[java.lang.AssertionError: expected [true] but found [false]
at org.testng.Assert.fail(Assert.java:96)
at org.testng.Assert.failNotEquals(Assert.java:776)
at org.testng.Assert.assertTrue(Assert.java:44)
at org.testng.Assert.assertTrue(Assert.java:54)
at parallel.LoginPageSteps.i_should_see_an_error_message_indicating(LoginPageSteps.java:46)
at ✽.I should see an error message indicating "Warning: No match for E-Mail Address and/or Password."(file:///C:/Sujit/Automation/workspace/CucumberHybridFramework/src/test/resources/parallel/LoginPage.feature:20)
]]>
    </failure>
  </testcase> <!-- runScenario -->
</testsuite> <!-- parallel.ParallelRun -->
